<?xml version="1.0" encoding="UTF-8"?>
<testng-results skipped="0" failed="0" total="1" passed="1">
  <reporter-output>
  </reporter-output>
  <suite name="com.learntestng.AppTest" duration-ms="86" started-at="2015-10-15T15:36:33Z" finished-at="2015-10-15T15:36:33Z">
    <groups>
    </groups>
    <test name="Command line test" duration-ms="86" started-at="2015-10-15T15:36:33Z" finished-at="2015-10-15T15:36:33Z">
      <class name="com.learntestng.AppTest">
        <test-method status="PASS" signature="sendMail()" name="sendMail" duration-ms="44" started-at="2015-10-15T15:36:33Z" finished-at="2015-10-15T15:36:33Z">
        </test-method>
      </class>
    </test>
  </suite>
</testng-results>
